0 info it worked if it ends with ok
1 verbose cli [ 'C:\\Program Files\\nodejs\\node.exe',
1 verbose cli   'C:\\Users\\pheon\\AppData\\Roaming\\npm\\node_modules\\npm\\bin\\npm-cli.js',
1 verbose cli   'run',
1 verbose cli   'build:webpack' ]
2 info using npm@3.9.6
3 info using node@v6.0.0
4 verbose run-script [ 'prebuild:webpack', 'build:webpack', 'postbuild:webpack' ]
5 info lifecycle react-and-es6-part-6@1.0.0~prebuild:webpack: react-and-es6-part-6@1.0.0
6 silly lifecycle react-and-es6-part-6@1.0.0~prebuild:webpack: no script for prebuild:webpack, continuing
7 info lifecycle react-and-es6-part-6@1.0.0~build:webpack: react-and-es6-part-6@1.0.0
8 verbose lifecycle react-and-es6-part-6@1.0.0~build:webpack: unsafe-perm in lifecycle true
9 verbose lifecycle react-and-es6-part-6@1.0.0~build:webpack: PATH: C:\Users\pheon\AppData\Roaming\npm\node_modules\npm\bin\node-gyp-bin;D:\learn\react-and-es6\node_modules\.bin;C:\Program Files\nodejs;C:\Users\pheon\bin;C:\Program Files\Git\mingw64\bin;C:\Program Files\Git\usr\local\bin;C:\Program Files\Git\usr\bin;C:\Program Files\Git\usr\bin;C:\Program Files\Git\mingw64\bin;C:\Program Files\Git\usr\bin;C:\Users\pheon\bin;C:\Program Files (x86)\NVIDIA Corporation\PhysX\Common;C:\ProgramData\Oracle\Java\javapath;C:\WINDOWS\system32;C:\WINDOWS;C:\WINDOWS\System32\Wbem;C:\WINDOWS\System32\WindowsPowerShell\v1.0;C:\Program Files (x86)\Skype\Phone;C:\Program Files\Aladdin\eToken\PKIClient\x32;C:\Program Files\Aladdin\eToken\PKIClient\x64;C:\Program Files (x86)\Android\android-sdk\platform-tools;C:\Program Files (x86)\Android\android-sdk\tools;C:\Program Files\nodejs;C:\Program Files (x86)\Windows Kits\8.1\Windows Performance Toolkit;C:\Program Files\Java\jdk1.8.0_74\bin;C:\Program Files\Git\cmd;C:\Users\pheon\AppData\Local\Microsoft\WindowsApps;C:\Users\pheon\AppData\Roaming\npm;C:\Program Files\Git\usr\bin\vendor_perl;C:\Program Files\Git\usr\bin\core_perl
10 verbose lifecycle react-and-es6-part-6@1.0.0~build:webpack: CWD: D:\learn\react-and-es6
11 silly lifecycle react-and-es6-part-6@1.0.0~build:webpack: Args: [ '/d /s /c',
11 silly lifecycle   'NODE_ENV=production webpack --progress --colors --config ./webpack.config.prod.js' ]
12 silly lifecycle react-and-es6-part-6@1.0.0~build:webpack: Returned: code: 1  signal: null
13 info lifecycle react-and-es6-part-6@1.0.0~build:webpack: Failed to exec build:webpack script
14 verbose stack Error: react-and-es6-part-6@1.0.0 build:webpack: `NODE_ENV=production webpack --progress --colors --config ./webpack.config.prod.js`
14 verbose stack Exit status 1
14 verbose stack     at EventEmitter.<anonymous> (C:\Users\pheon\AppData\Roaming\npm\node_modules\npm\lib\utils\lifecycle.js:245:16)
14 verbose stack     at emitTwo (events.js:106:13)
14 verbose stack     at EventEmitter.emit (events.js:191:7)
14 verbose stack     at ChildProcess.<anonymous> (C:\Users\pheon\AppData\Roaming\npm\node_modules\npm\lib\utils\spawn.js:24:14)
14 verbose stack     at emitTwo (events.js:106:13)
14 verbose stack     at ChildProcess.emit (events.js:191:7)
14 verbose stack     at maybeClose (internal/child_process.js:850:16)
14 verbose stack     at Process.ChildProcess._handle.onexit (internal/child_process.js:215:5)
15 verbose pkgid react-and-es6-part-6@1.0.0
16 verbose cwd D:\learn\react-and-es6
17 error Windows_NT 10.0.14372
18 error argv "C:\\Program Files\\nodejs\\node.exe" "C:\\Users\\pheon\\AppData\\Roaming\\npm\\node_modules\\npm\\bin\\npm-cli.js" "run" "build:webpack"
19 error node v6.0.0
20 error npm  v3.9.6
21 error code ELIFECYCLE
22 error react-and-es6-part-6@1.0.0 build:webpack: `NODE_ENV=production webpack --progress --colors --config ./webpack.config.prod.js`
22 error Exit status 1
23 error Failed at the react-and-es6-part-6@1.0.0 build:webpack script 'NODE_ENV=production webpack --progress --colors --config ./webpack.config.prod.js'.
23 error Make sure you have the latest version of node.js and npm installed.
23 error If you do, this is most likely a problem with the react-and-es6-part-6 package,
23 error not with npm itself.
23 error Tell the author that this fails on your system:
23 error     NODE_ENV=production webpack --progress --colors --config ./webpack.config.prod.js
23 error You can get information on how to open an issue for this project with:
23 error     npm bugs react-and-es6-part-6
23 error Or if that isn't available, you can get their info via:
23 error     npm owner ls react-and-es6-part-6
23 error There is likely additional logging output above.
24 verbose exit [ 1, true ]
